[0.015s] Invoking command in '/home/laksri/Robot-arm/build/gazebo_ros2_control': CMAKE_PREFIX_PATH=/opt/ros/humble /usr/bin/cmake /home/laksri/Robot-arm/src/gazebo_ros2_control -DCMAKE_INSTALL_PREFIX=/home/laksri/Robot-arm/install/gazebo_ros2_control
[0.110s] -- The C compiler identification is GNU 11.4.0
[0.190s] -- The CXX compiler identification is GNU 11.4.0
[0.199s] -- Detecting C compiler ABI info
[0.247s] -- Detecting C compiler ABI info - done
[0.252s] -- Check for working C compiler: /usr/bin/cc - skipped
[0.252s] -- Detecting C compile features
[0.253s] -- Detecting C compile features - done
[0.255s] -- Detecting CXX compiler ABI info
[0.305s] -- Detecting CXX compiler ABI info - done
[0.311s] -- Check for working CXX compiler: /usr/bin/c++ - skipped
[0.311s] -- Detecting CXX compile features
[0.312s] -- Detecting CXX compile features - done
[0.313s] -- Found ament_cmake: 1.3.8 (/opt/ros/humble/share/ament_cmake/cmake)
[0.408s] -- Found Python3: /usr/bin/python3 (found version "3.10.12") found components: Interpreter 
[0.473s] -- Found ament_lint_auto: 0.12.10 (/opt/ros/humble/share/ament_lint_auto/cmake)
[0.523s] -- Added test 'lint_cmake' to check CMake code style
[0.524s] -- Added test 'xmllint' to check XML markup files
[0.525s] -- Configuring done
[0.527s] -- Generating done
[0.528s] -- Build files have been written to: /home/laksri/Robot-arm/build/gazebo_ros2_control
[0.534s] Invoked command in '/home/laksri/Robot-arm/build/gazebo_ros2_control' returned '0': CMAKE_PREFIX_PATH=/opt/ros/humble /usr/bin/cmake /home/laksri/Robot-arm/src/gazebo_ros2_control -DCMAKE_INSTALL_PREFIX=/home/laksri/Robot-arm/install/gazebo_ros2_control
[0.534s] Invoking command in '/home/laksri/Robot-arm/build/gazebo_ros2_control': CMAKE_PREFIX_PATH=/opt/ros/humble /usr/bin/cmake --build /home/laksri/Robot-arm/build/gazebo_ros2_control -- -j16 -l16
[0.554s] Invoked command in '/home/laksri/Robot-arm/build/gazebo_ros2_control' returned '0': CMAKE_PREFIX_PATH=/opt/ros/humble /usr/bin/cmake --build /home/laksri/Robot-arm/build/gazebo_ros2_control -- -j16 -l16
[0.572s] Invoking command in '/home/laksri/Robot-arm/build/gazebo_ros2_control': CMAKE_PREFIX_PATH=/opt/ros/humble /usr/bin/cmake --install /home/laksri/Robot-arm/build/gazebo_ros2_control
[0.575s] -- Install configuration: ""
[0.575s] -- Installing: /home/laksri/Robot-arm/install/gazebo_ros2_control/share/ament_index/resource_index/package_run_dependencies/gazebo_ros2_control
[0.575s] -- Installing: /home/laksri/Robot-arm/install/gazebo_ros2_control/share/ament_index/resource_index/parent_prefix_path/gazebo_ros2_control
[0.576s] -- Installing: /home/laksri/Robot-arm/install/gazebo_ros2_control/share/gazebo_ros2_control/environment/ament_prefix_path.sh
[0.576s] -- Installing: /home/laksri/Robot-arm/install/gazebo_ros2_control/share/gazebo_ros2_control/environment/ament_prefix_path.dsv
[0.576s] -- Installing: /home/laksri/Robot-arm/install/gazebo_ros2_control/share/gazebo_ros2_control/environment/path.sh
[0.576s] -- Installing: /home/laksri/Robot-arm/install/gazebo_ros2_control/share/gazebo_ros2_control/environment/path.dsv
[0.576s] -- Installing: /home/laksri/Robot-arm/install/gazebo_ros2_control/share/gazebo_ros2_control/local_setup.bash
[0.576s] -- Installing: /home/laksri/Robot-arm/install/gazebo_ros2_control/share/gazebo_ros2_control/local_setup.sh
[0.576s] -- Installing: /home/laksri/Robot-arm/install/gazebo_ros2_control/share/gazebo_ros2_control/local_setup.zsh
[0.577s] -- Installing: /home/laksri/Robot-arm/install/gazebo_ros2_control/share/gazebo_ros2_control/local_setup.dsv
[0.577s] -- Installing: /home/laksri/Robot-arm/install/gazebo_ros2_control/share/gazebo_ros2_control/package.dsv
[0.577s] -- Installing: /home/laksri/Robot-arm/install/gazebo_ros2_control/share/ament_index/resource_index/packages/gazebo_ros2_control
[0.577s] -- Installing: /home/laksri/Robot-arm/install/gazebo_ros2_control/share/gazebo_ros2_control/cmake/gazebo_ros2_controlConfig.cmake
[0.577s] -- Installing: /home/laksri/Robot-arm/install/gazebo_ros2_control/share/gazebo_ros2_control/cmake/gazebo_ros2_controlConfig-version.cmake
[0.577s] -- Installing: /home/laksri/Robot-arm/install/gazebo_ros2_control/share/gazebo_ros2_control/package.xml
[0.594s] Invoked command in '/home/laksri/Robot-arm/build/gazebo_ros2_control' returned '0': CMAKE_PREFIX_PATH=/opt/ros/humble /usr/bin/cmake --install /home/laksri/Robot-arm/build/gazebo_ros2_control
