[0.006s] Invoking command in '/home/laksri/Robot-arm/build/robot_arm': CMAKE_PREFIX_PATH=/opt/ros/humble /usr/bin/cmake /home/laksri/Robot-arm/src/robot_arm -DCMAKE_INSTALL_PREFIX=/home/laksri/Robot-arm/install/robot_arm
[0.100s] -- The C compiler identification is GNU 11.4.0
[0.179s] -- The CXX compiler identification is GNU 11.4.0
[0.188s] -- Detecting C compiler ABI info
[0.238s] -- Detecting C compiler ABI info - done
[0.245s] -- Check for working C compiler: /usr/bin/cc - skipped
[0.245s] -- Detecting C compile features
[0.245s] -- Detecting C compile features - done
[0.247s] -- Detecting CXX compiler ABI info
[0.294s] -- Detecting CXX compiler ABI info - done
[0.298s] -- Check for working CXX compiler: /usr/bin/c++ - skipped
[0.298s] -- Detecting CXX compile features
[0.298s] -- Detecting CXX compile features - done
[0.301s] -- Found ament_cmake: 1.3.8 (/opt/ros/humble/share/ament_cmake/cmake)
[0.398s] -- Found Python3: /usr/bin/python3 (found version "3.10.12") found components: Interpreter 
[0.463s] -- Found ament_lint_auto: 0.12.10 (/opt/ros/humble/share/ament_lint_auto/cmake)
[0.512s] -- Added test 'lint_cmake' to check CMake code style
[0.513s] -- Added test 'xmllint' to check XML markup files
[0.515s] -- Configuring done
[0.516s] -- Generating done
[0.516s] -- Build files have been written to: /home/laksri/Robot-arm/build/robot_arm
[0.521s] Invoked command in '/home/laksri/Robot-arm/build/robot_arm' returned '0': CMAKE_PREFIX_PATH=/opt/ros/humble /usr/bin/cmake /home/laksri/Robot-arm/src/robot_arm -DCMAKE_INSTALL_PREFIX=/home/laksri/Robot-arm/install/robot_arm
[0.521s] Invoking command in '/home/laksri/Robot-arm/build/robot_arm': CMAKE_PREFIX_PATH=/opt/ros/humble /usr/bin/cmake --build /home/laksri/Robot-arm/build/robot_arm -- -j16 -l16
[0.543s] Invoked command in '/home/laksri/Robot-arm/build/robot_arm' returned '0': CMAKE_PREFIX_PATH=/opt/ros/humble /usr/bin/cmake --build /home/laksri/Robot-arm/build/robot_arm -- -j16 -l16
[0.559s] Invoking command in '/home/laksri/Robot-arm/build/robot_arm': CMAKE_PREFIX_PATH=/opt/ros/humble /usr/bin/cmake --install /home/laksri/Robot-arm/build/robot_arm
[0.563s] -- Install configuration: ""
[0.563s] -- Installing: /home/laksri/Robot-arm/install/robot_arm/share/ament_index/resource_index/package_run_dependencies/robot_arm
[0.563s] -- Installing: /home/laksri/Robot-arm/install/robot_arm/share/ament_index/resource_index/parent_prefix_path/robot_arm
[0.564s] -- Installing: /home/laksri/Robot-arm/install/robot_arm/share/robot_arm/environment/ament_prefix_path.sh
[0.564s] -- Installing: /home/laksri/Robot-arm/install/robot_arm/share/robot_arm/environment/ament_prefix_path.dsv
[0.564s] -- Installing: /home/laksri/Robot-arm/install/robot_arm/share/robot_arm/environment/path.sh
[0.564s] -- Installing: /home/laksri/Robot-arm/install/robot_arm/share/robot_arm/environment/path.dsv
[0.564s] -- Installing: /home/laksri/Robot-arm/install/robot_arm/share/robot_arm/local_setup.bash
[0.564s] -- Installing: /home/laksri/Robot-arm/install/robot_arm/share/robot_arm/local_setup.sh
[0.564s] -- Installing: /home/laksri/Robot-arm/install/robot_arm/share/robot_arm/local_setup.zsh
[0.564s] -- Installing: /home/laksri/Robot-arm/install/robot_arm/share/robot_arm/local_setup.dsv
[0.564s] -- Installing: /home/laksri/Robot-arm/install/robot_arm/share/robot_arm/package.dsv
[0.564s] -- Installing: /home/laksri/Robot-arm/install/robot_arm/share/ament_index/resource_index/packages/robot_arm
[0.564s] -- Installing: /home/laksri/Robot-arm/install/robot_arm/share/robot_arm/cmake/robot_armConfig.cmake
[0.564s] -- Installing: /home/laksri/Robot-arm/install/robot_arm/share/robot_arm/cmake/robot_armConfig-version.cmake
[0.564s] -- Installing: /home/laksri/Robot-arm/install/robot_arm/share/robot_arm/package.xml
[0.566s] Invoked command in '/home/laksri/Robot-arm/build/robot_arm' returned '0': CMAKE_PREFIX_PATH=/opt/ros/humble /usr/bin/cmake --install /home/laksri/Robot-arm/build/robot_arm
