[0.170s] DEBUG:colcon:Command line arguments: ['/home/laksri/.local/bin/colcon', 'build']
[0.170s] DEBUG:colcon:Parsed command line arguments: Namespace(log_base=None, log_level=None, verb_name='build', build_base='build', install_base='install', merge_install=False, symlink_install=False, test_result_base=None, continue_on_error=False, executor='parallel', parallel_workers=16, event_handlers=None, ignore_user_meta=False, metas=['./colcon.meta'], base_paths=['.'], packages_ignore=None, packages_ignore_regex=None, paths=None, packages_up_to=None, packages_up_to_regex=None, packages_above=None, packages_above_and_dependencies=None, packages_above_depth=None, packages_select_by_dep=None, packages_skip_by_dep=None, packages_skip_up_to=None, packages_select_build_failed=False, packages_skip_build_finished=False, packages_select_test_failures=False, packages_skip_test_passed=False, packages_select=None, packages_skip=None, packages_select_regex=None, packages_skip_regex=None, packages_start=None, packages_end=None, allow_overriding=[], cmake_args=None, cmake_target=None, cmake_target_skip_unavailable=False, cmake_clean_cache=False, cmake_clean_first=False, cmake_force_configure=False, ament_cmake_args=None, catkin_cmake_args=None, catkin_skip_building_tests=False, verb_parser=<colcon_defaults.argument_parser.defaults.DefaultArgumentsDecorator object at 0x784d5d3e1300>, verb_extension=<colcon_core.verb.build.BuildVerb object at 0x784d5d4ddf00>, main=<bound method BuildVerb.main of <colcon_core.verb.build.BuildVerb object at 0x784d5d4ddf00>>)
[0.341s] Level 1:colcon.colcon_core.package_discovery:discover_packages(colcon_meta) check parameters
[0.341s] Level 1:colcon.colcon_core.package_discovery:discover_packages(recursive) check parameters
[0.341s] Level 1:colcon.colcon_core.package_discovery:discover_packages(ignore) check parameters
[0.341s] Level 1:colcon.colcon_core.package_discovery:discover_packages(path) check parameters
[0.341s] Level 1:colcon.colcon_core.package_discovery:discover_packages(colcon_meta) discover
[0.341s] Level 1:colcon.colcon_core.package_discovery:discover_packages(recursive) discover
[0.341s] INFO:colcon.colcon_core.package_discovery:Crawling recursively for packages in '/home/laksri/Robot-arm'
[0.341s] Level 1:colcon.colcon_core.package_identification:_identify(.) by extensions ['ignore', 'ignore_ament_install']
[0.341s] Level 1:colcon.colcon_core.package_identification:_identify(.) by extension 'ignore'
[0.341s] Level 1:colcon.colcon_core.package_identification:_identify(.) by extension 'ignore_ament_install'
[0.341s] Level 1:colcon.colcon_core.package_identification:_identify(.) by extensions ['colcon_pkg']
[0.341s] Level 1:colcon.colcon_core.package_identification:_identify(.) by extension 'colcon_pkg'
[0.341s] Level 1:colcon.colcon_core.package_identification:_identify(.) by extensions ['colcon_meta']
[0.341s] Level 1:colcon.colcon_core.package_identification:_identify(.) by extension 'colcon_meta'
[0.341s] Level 1:colcon.colcon_core.package_identification:_identify(.) by extensions ['ros']
[0.341s] Level 1:colcon.colcon_core.package_identification:_identify(.) by extension 'ros'
[0.347s] Level 1:colcon.colcon_core.package_identification:_identify(.) by extensions ['cmake', 'python']
[0.347s] Level 1:colcon.colcon_core.package_identification:_identify(.) by extension 'cmake'
[0.347s] Level 1:colcon.colcon_core.package_identification:_identify(.) by extension 'python'
[0.347s] Level 1:colcon.colcon_core.package_identification:_identify(.) by extensions ['python_setup_py']
[0.347s] Level 1:colcon.colcon_core.package_identification:_identify(.) by extension 'python_setup_py'
[0.347s] Level 1:colcon.colcon_core.package_identification:_identify(build) by extensions ['ignore', 'ignore_ament_install']
[0.347s] Level 1:colcon.colcon_core.package_identification:_identify(build) by extension 'ignore'
[0.347s] Level 1:colcon.colcon_core.package_identification:_identify(build) ignored
[0.348s] Level 1:colcon.colcon_core.package_identification:_identify(install) by extensions ['ignore', 'ignore_ament_install']
[0.348s] Level 1:colcon.colcon_core.package_identification:_identify(install) by extension 'ignore'
[0.348s] Level 1:colcon.colcon_core.package_identification:_identify(install) ignored
[0.348s] Level 1:colcon.colcon_core.package_identification:_identify(log) by extensions ['ignore', 'ignore_ament_install']
[0.348s] Level 1:colcon.colcon_core.package_identification:_identify(log) by extension 'ignore'
[0.348s] Level 1:colcon.colcon_core.package_identification:_identify(log) ignored
[0.348s] Level 1:colcon.colcon_core.package_identification:_identify(src) by extensions ['ignore', 'ignore_ament_install']
[0.348s] Level 1:colcon.colcon_core.package_identification:_identify(src) by extension 'ignore'
[0.348s] Level 1:colcon.colcon_core.package_identification:_identify(src) by extension 'ignore_ament_install'
[0.348s] Level 1:colcon.colcon_core.package_identification:_identify(src) by extensions ['colcon_pkg']
[0.348s] Level 1:colcon.colcon_core.package_identification:_identify(src) by extension 'colcon_pkg'
[0.348s] Level 1:colcon.colcon_core.package_identification:_identify(src) by extensions ['colcon_meta']
[0.348s] Level 1:colcon.colcon_core.package_identification:_identify(src) by extension 'colcon_meta'
[0.348s] Level 1:colcon.colcon_core.package_identification:_identify(src) by extensions ['ros']
[0.348s] Level 1:colcon.colcon_core.package_identification:_identify(src) by extension 'ros'
[0.348s] Level 1:colcon.colcon_core.package_identification:_identify(src) by extensions ['cmake', 'python']
[0.348s] Level 1:colcon.colcon_core.package_identification:_identify(src) by extension 'cmake'
[0.348s] Level 1:colcon.colcon_core.package_identification:_identify(src) by extension 'python'
[0.348s] Level 1:colcon.colcon_core.package_identification:_identify(src) by extensions ['python_setup_py']
[0.348s] Level 1:colcon.colcon_core.package_identification:_identify(src) by extension 'python_setup_py'
[0.348s] Level 1:colcon.colcon_core.package_identification:_identify(src/gazebo_ros2_control) by extensions ['ignore', 'ignore_ament_install']
[0.348s] Level 1:colcon.colcon_core.package_identification:_identify(src/gazebo_ros2_control) by extension 'ignore'
[0.348s] Level 1:colcon.colcon_core.package_identification:_identify(src/gazebo_ros2_control) by extension 'ignore_ament_install'
[0.348s] Level 1:colcon.colcon_core.package_identification:_identify(src/gazebo_ros2_control) by extensions ['colcon_pkg']
[0.348s] Level 1:colcon.colcon_core.package_identification:_identify(src/gazebo_ros2_control) by extension 'colcon_pkg'
[0.348s] Level 1:colcon.colcon_core.package_identification:_identify(src/gazebo_ros2_control) by extensions ['colcon_meta']
[0.348s] Level 1:colcon.colcon_core.package_identification:_identify(src/gazebo_ros2_control) by extension 'colcon_meta'
[0.348s] Level 1:colcon.colcon_core.package_identification:_identify(src/gazebo_ros2_control) by extensions ['ros']
[0.348s] Level 1:colcon.colcon_core.package_identification:_identify(src/gazebo_ros2_control) by extension 'ros'
[0.351s] DEBUG:colcon.colcon_core.package_identification:Package 'src/gazebo_ros2_control' with type 'ros.ament_cmake' and name 'gazebo_ros2_control'
[0.351s] Level 1:colcon.colcon_core.package_identification:_identify(src/robot_arm) by extensions ['ignore', 'ignore_ament_install']
[0.351s] Level 1:colcon.colcon_core.package_identification:_identify(src/robot_arm) by extension 'ignore'
[0.351s] Level 1:colcon.colcon_core.package_identification:_identify(src/robot_arm) by extension 'ignore_ament_install'
[0.351s] Level 1:colcon.colcon_core.package_identification:_identify(src/robot_arm) by extensions ['colcon_pkg']
[0.351s] Level 1:colcon.colcon_core.package_identification:_identify(src/robot_arm) by extension 'colcon_pkg'
[0.351s] Level 1:colcon.colcon_core.package_identification:_identify(src/robot_arm) by extensions ['colcon_meta']
[0.351s] Level 1:colcon.colcon_core.package_identification:_identify(src/robot_arm) by extension 'colcon_meta'
[0.351s] Level 1:colcon.colcon_core.package_identification:_identify(src/robot_arm) by extensions ['ros']
[0.351s] Level 1:colcon.colcon_core.package_identification:_identify(src/robot_arm) by extension 'ros'
[0.351s] DEBUG:colcon.colcon_core.package_identification:Package 'src/robot_arm' with type 'ros.ament_cmake' and name 'robot_arm'
[0.351s] Level 1:colcon.colcon_core.package_discovery:discover_packages(recursive) using defaults
[0.351s] Level 1:colcon.colcon_core.package_discovery:discover_packages(ignore) discover
[0.351s] Level 1:colcon.colcon_core.package_discovery:discover_packages(ignore) using defaults
[0.351s] Level 1:colcon.colcon_core.package_discovery:discover_packages(path) discover
[0.351s] Level 1:colcon.colcon_core.package_discovery:discover_packages(path) using defaults
[0.377s] Level 1:colcon.colcon_core.package_discovery:discover_packages(prefix_path) check parameters
[0.377s] Level 1:colcon.colcon_core.package_discovery:discover_packages(prefix_path) discover
[0.379s] DEBUG:colcon.colcon_installed_package_information.package_discovery:Found 290 installed packages in /opt/ros/humble
[0.380s] Level 1:colcon.colcon_core.package_discovery:discover_packages(prefix_path) using defaults
[0.403s] Level 5:colcon.colcon_core.verb:set package 'gazebo_ros2_control' build argument 'cmake_args' from command line to 'None'
[0.403s] Level 5:colcon.colcon_core.verb:set package 'gazebo_ros2_control' build argument 'cmake_target' from command line to 'None'
[0.403s] Level 5:colcon.colcon_core.verb:set package 'gazebo_ros2_control' build argument 'cmake_target_skip_unavailable' from command line to 'False'
[0.403s] Level 5:colcon.colcon_core.verb:set package 'gazebo_ros2_control' build argument 'cmake_clean_cache' from command line to 'False'
[0.403s] Level 5:colcon.colcon_core.verb:set package 'gazebo_ros2_control' build argument 'cmake_clean_first' from command line to 'False'
[0.403s] Level 5:colcon.colcon_core.verb:set package 'gazebo_ros2_control' build argument 'cmake_force_configure' from command line to 'False'
[0.403s] Level 5:colcon.colcon_core.verb:set package 'gazebo_ros2_control' build argument 'ament_cmake_args' from command line to 'None'
[0.403s] Level 5:colcon.colcon_core.verb:set package 'gazebo_ros2_control' build argument 'catkin_cmake_args' from command line to 'None'
[0.403s] Level 5:colcon.colcon_core.verb:set package 'gazebo_ros2_control' build argument 'catkin_skip_building_tests' from command line to 'False'
[0.403s] DEBUG:colcon.colcon_core.verb:Building package 'gazebo_ros2_control' with the following arguments: {'ament_cmake_args': None, 'build_base': '/home/laksri/Robot-arm/build/gazebo_ros2_control', 'catkin_cmake_args': None, 'catkin_skip_building_tests': False, 'cmake_args': None, 'cmake_clean_cache': False, 'cmake_clean_first': False, 'cmake_force_configure': False, 'cmake_target': None, 'cmake_target_skip_unavailable': False, 'install_base': '/home/laksri/Robot-arm/install/gazebo_ros2_control', 'merge_install': False, 'path': '/home/laksri/Robot-arm/src/gazebo_ros2_control', 'symlink_install': False, 'test_result_base': None}
[0.403s] Level 5:colcon.colcon_core.verb:set package 'robot_arm' build argument 'cmake_args' from command line to 'None'
[0.403s] Level 5:colcon.colcon_core.verb:set package 'robot_arm' build argument 'cmake_target' from command line to 'None'
[0.403s] Level 5:colcon.colcon_core.verb:set package 'robot_arm' build argument 'cmake_target_skip_unavailable' from command line to 'False'
[0.403s] Level 5:colcon.colcon_core.verb:set package 'robot_arm' build argument 'cmake_clean_cache' from command line to 'False'
[0.403s] Level 5:colcon.colcon_core.verb:set package 'robot_arm' build argument 'cmake_clean_first' from command line to 'False'
[0.403s] Level 5:colcon.colcon_core.verb:set package 'robot_arm' build argument 'cmake_force_configure' from command line to 'False'
[0.403s] Level 5:colcon.colcon_core.verb:set package 'robot_arm' build argument 'ament_cmake_args' from command line to 'None'
[0.403s] Level 5:colcon.colcon_core.verb:set package 'robot_arm' build argument 'catkin_cmake_args' from command line to 'None'
[0.403s] Level 5:colcon.colcon_core.verb:set package 'robot_arm' build argument 'catkin_skip_building_tests' from command line to 'False'
[0.403s] DEBUG:colcon.colcon_core.verb:Building package 'robot_arm' with the following arguments: {'ament_cmake_args': None, 'build_base': '/home/laksri/Robot-arm/build/robot_arm', 'catkin_cmake_args': None, 'catkin_skip_building_tests': False, 'cmake_args': None, 'cmake_clean_cache': False, 'cmake_clean_first': False, 'cmake_force_configure': False, 'cmake_target': None, 'cmake_target_skip_unavailable': False, 'install_base': '/home/laksri/Robot-arm/install/robot_arm', 'merge_install': False, 'path': '/home/laksri/Robot-arm/src/robot_arm', 'symlink_install': False, 'test_result_base': None}
[0.404s] INFO:colcon.colcon_core.executor:Executing jobs using 'parallel' executor
[0.404s] DEBUG:colcon.colcon_parallel_executor.executor.parallel:run_until_complete
[0.404s] INFO:colcon.colcon_ros.task.ament_cmake.build:Building ROS package in '/home/laksri/Robot-arm/src/gazebo_ros2_control' with build type 'ament_cmake'
[0.404s] INFO:colcon.colcon_cmake.task.cmake.build:Building CMake package in '/home/laksri/Robot-arm/src/gazebo_ros2_control'
[0.412s] INFO:colcon.colcon_core.plugin_system:Skipping extension 'colcon_core.shell.bat': Not used on non-Windows systems
[0.413s] INFO:colcon.colcon_core.shell:Skip shell extension 'powershell' for command environment: Not usable outside of PowerShell
[0.413s] DEBUG:colcon.colcon_core.shell:Skip shell extension 'dsv' for command environment
[0.414s] INFO:colcon.colcon_ros.task.ament_cmake.build:Building ROS package in '/home/laksri/Robot-arm/src/robot_arm' with build type 'ament_cmake'
[0.414s] INFO:colcon.colcon_cmake.task.cmake.build:Building CMake package in '/home/laksri/Robot-arm/src/robot_arm'
[0.415s] INFO:colcon.colcon_core.shell:Skip shell extension 'powershell' for command environment: Not usable outside of PowerShell
[0.415s] DEBUG:colcon.colcon_core.shell:Skip shell extension 'dsv' for command environment
[0.420s] DEBUG:colcon.colcon_core.event_handler.log_command:Invoking command in '/home/laksri/Robot-arm/build/gazebo_ros2_control': CMAKE_PREFIX_PATH=/opt/ros/humble /usr/bin/cmake /home/laksri/Robot-arm/src/gazebo_ros2_control -DCMAKE_INSTALL_PREFIX=/home/laksri/Robot-arm/install/gazebo_ros2_control
[0.422s] DEBUG:colcon.colcon_core.event_handler.log_command:Invoking command in '/home/laksri/Robot-arm/build/robot_arm': CMAKE_PREFIX_PATH=/opt/ros/humble /usr/bin/cmake /home/laksri/Robot-arm/src/robot_arm -DCMAKE_INSTALL_PREFIX=/home/laksri/Robot-arm/install/robot_arm
[0.936s] DEBUG:colcon.colcon_core.event_handler.log_command:Invoked command in '/home/laksri/Robot-arm/build/robot_arm' returned '0': CMAKE_PREFIX_PATH=/opt/ros/humble /usr/bin/cmake /home/laksri/Robot-arm/src/robot_arm -DCMAKE_INSTALL_PREFIX=/home/laksri/Robot-arm/install/robot_arm
[0.936s] DEBUG:colcon.colcon_core.event_handler.log_command:Invoking command in '/home/laksri/Robot-arm/build/robot_arm': CMAKE_PREFIX_PATH=/opt/ros/humble /usr/bin/cmake --build /home/laksri/Robot-arm/build/robot_arm -- -j16 -l16
[0.938s] DEBUG:colcon.colcon_core.event_handler.log_command:Invoked command in '/home/laksri/Robot-arm/build/gazebo_ros2_control' returned '0': CMAKE_PREFIX_PATH=/opt/ros/humble /usr/bin/cmake /home/laksri/Robot-arm/src/gazebo_ros2_control -DCMAKE_INSTALL_PREFIX=/home/laksri/Robot-arm/install/gazebo_ros2_control
[0.939s] DEBUG:colcon.colcon_core.event_handler.log_command:Invoking command in '/home/laksri/Robot-arm/build/gazebo_ros2_control': CMAKE_PREFIX_PATH=/opt/ros/humble /usr/bin/cmake --build /home/laksri/Robot-arm/build/gazebo_ros2_control -- -j16 -l16
[0.958s] DEBUG:colcon.colcon_core.event_handler.log_command:Invoked command in '/home/laksri/Robot-arm/build/robot_arm' returned '0': CMAKE_PREFIX_PATH=/opt/ros/humble /usr/bin/cmake --build /home/laksri/Robot-arm/build/robot_arm -- -j16 -l16
[0.959s] DEBUG:colcon.colcon_core.event_handler.log_command:Invoked command in '/home/laksri/Robot-arm/build/gazebo_ros2_control' returned '0': CMAKE_PREFIX_PATH=/opt/ros/humble /usr/bin/cmake --build /home/laksri/Robot-arm/build/gazebo_ros2_control -- -j16 -l16
[0.975s] DEBUG:colcon.colcon_core.event_handler.log_command:Invoking command in '/home/laksri/Robot-arm/build/robot_arm': CMAKE_PREFIX_PATH=/opt/ros/humble /usr/bin/cmake --install /home/laksri/Robot-arm/build/robot_arm
[0.976s] DEBUG:colcon.colcon_core.event_handler.log_command:Invoking command in '/home/laksri/Robot-arm/build/gazebo_ros2_control': CMAKE_PREFIX_PATH=/opt/ros/humble /usr/bin/cmake --install /home/laksri/Robot-arm/build/gazebo_ros2_control
[0.981s] Level 1:colcon.colcon_core.environment:create_environment_scripts_only(robot_arm)
[0.981s] DEBUG:colcon.colcon_core.event_handler.log_command:Invoked command in '/home/laksri/Robot-arm/build/robot_arm' returned '0': CMAKE_PREFIX_PATH=/opt/ros/humble /usr/bin/cmake --install /home/laksri/Robot-arm/build/robot_arm
[0.990s] Level 1:colcon.colcon_core.environment:checking '/home/laksri/Robot-arm/install/robot_arm' for CMake module files
[0.990s] Level 1:colcon.colcon_core.environment:checking '/home/laksri/Robot-arm/install/robot_arm' for CMake config files
[0.990s] Level 1:colcon.colcon_core.shell:create_environment_hook('robot_arm', 'cmake_prefix_path')
[0.990s] INFO:colcon.colcon_core.shell:Creating environment hook '/home/laksri/Robot-arm/install/robot_arm/share/robot_arm/hook/cmake_prefix_path.ps1'
[0.992s] INFO:colcon.colcon_core.shell:Creating environment descriptor '/home/laksri/Robot-arm/install/robot_arm/share/robot_arm/hook/cmake_prefix_path.dsv'
[0.993s] INFO:colcon.colcon_core.shell:Creating environment hook '/home/laksri/Robot-arm/install/robot_arm/share/robot_arm/hook/cmake_prefix_path.sh'
[0.993s] Level 1:colcon.colcon_core.environment:checking '/home/laksri/Robot-arm/install/robot_arm/bin'
[0.993s] Level 1:colcon.colcon_core.environment:checking '/home/laksri/Robot-arm/install/robot_arm/lib/pkgconfig/robot_arm.pc'
[0.994s] Level 1:colcon.colcon_core.environment:checking '/home/laksri/Robot-arm/install/robot_arm/lib/python3.10/site-packages'
[0.994s] Level 1:colcon.colcon_core.environment:checking '/home/laksri/Robot-arm/install/robot_arm/bin'
[0.994s] INFO:colcon.colcon_core.shell:Creating package script '/home/laksri/Robot-arm/install/robot_arm/share/robot_arm/package.ps1'
[0.995s] INFO:colcon.colcon_core.shell:Creating package descriptor '/home/laksri/Robot-arm/install/robot_arm/share/robot_arm/package.dsv'
[0.995s] INFO:colcon.colcon_core.shell:Creating package script '/home/laksri/Robot-arm/install/robot_arm/share/robot_arm/package.sh'
[0.996s] INFO:colcon.colcon_core.shell:Creating package script '/home/laksri/Robot-arm/install/robot_arm/share/robot_arm/package.bash'
[0.996s] INFO:colcon.colcon_core.shell:Creating package script '/home/laksri/Robot-arm/install/robot_arm/share/robot_arm/package.zsh'
[0.998s] Level 1:colcon.colcon_core.environment:create_file_with_runtime_dependencies(/home/laksri/Robot-arm/install/robot_arm/share/colcon-core/packages/robot_arm)
[0.999s] Level 1:colcon.colcon_core.environment:create_environment_scripts_only(gazebo_ros2_control)
[0.999s] Level 1:colcon.colcon_core.environment:checking '/home/laksri/Robot-arm/install/gazebo_ros2_control' for CMake module files
[0.999s] DEBUG:colcon.colcon_core.event_handler.log_command:Invoked command in '/home/laksri/Robot-arm/build/gazebo_ros2_control' returned '0': CMAKE_PREFIX_PATH=/opt/ros/humble /usr/bin/cmake --install /home/laksri/Robot-arm/build/gazebo_ros2_control
[0.999s] Level 1:colcon.colcon_core.environment:checking '/home/laksri/Robot-arm/install/gazebo_ros2_control' for CMake config files
[0.999s] Level 1:colcon.colcon_core.shell:create_environment_hook('gazebo_ros2_control', 'cmake_prefix_path')
[0.999s] INFO:colcon.colcon_core.shell:Creating environment hook '/home/laksri/Robot-arm/install/gazebo_ros2_control/share/gazebo_ros2_control/hook/cmake_prefix_path.ps1'
[1.000s] INFO:colcon.colcon_core.shell:Creating environment descriptor '/home/laksri/Robot-arm/install/gazebo_ros2_control/share/gazebo_ros2_control/hook/cmake_prefix_path.dsv'
[1.000s] INFO:colcon.colcon_core.shell:Creating environment hook '/home/laksri/Robot-arm/install/gazebo_ros2_control/share/gazebo_ros2_control/hook/cmake_prefix_path.sh'
[1.000s] Level 1:colcon.colcon_core.environment:checking '/home/laksri/Robot-arm/install/gazebo_ros2_control/bin'
[1.000s] Level 1:colcon.colcon_core.environment:checking '/home/laksri/Robot-arm/install/gazebo_ros2_control/lib/pkgconfig/gazebo_ros2_control.pc'
[1.000s] Level 1:colcon.colcon_core.environment:checking '/home/laksri/Robot-arm/install/gazebo_ros2_control/lib/python3.10/site-packages'
[1.000s] Level 1:colcon.colcon_core.environment:checking '/home/laksri/Robot-arm/install/gazebo_ros2_control/bin'
[1.000s] INFO:colcon.colcon_core.shell:Creating package script '/home/laksri/Robot-arm/install/gazebo_ros2_control/share/gazebo_ros2_control/package.ps1'
[1.001s] INFO:colcon.colcon_core.shell:Creating package descriptor '/home/laksri/Robot-arm/install/gazebo_ros2_control/share/gazebo_ros2_control/package.dsv'
[1.001s] INFO:colcon.colcon_core.shell:Creating package script '/home/laksri/Robot-arm/install/gazebo_ros2_control/share/gazebo_ros2_control/package.sh'
[1.001s] INFO:colcon.colcon_core.shell:Creating package script '/home/laksri/Robot-arm/install/gazebo_ros2_control/share/gazebo_ros2_control/package.bash'
[1.001s] INFO:colcon.colcon_core.shell:Creating package script '/home/laksri/Robot-arm/install/gazebo_ros2_control/share/gazebo_ros2_control/package.zsh'
[1.001s] Level 1:colcon.colcon_core.environment:create_file_with_runtime_dependencies(/home/laksri/Robot-arm/install/gazebo_ros2_control/share/colcon-core/packages/gazebo_ros2_control)
[1.010s] Level 1:colcon.colcon_core.environment:create_environment_scripts_only(robot_arm)
[1.011s] Level 1:colcon.colcon_core.environment:checking '/home/laksri/Robot-arm/install/robot_arm' for CMake module files
[1.011s] Level 1:colcon.colcon_core.environment:checking '/home/laksri/Robot-arm/install/robot_arm' for CMake config files
[1.011s] Level 1:colcon.colcon_core.shell:create_environment_hook('robot_arm', 'cmake_prefix_path')
[1.011s] INFO:colcon.colcon_core.shell:Creating environment hook '/home/laksri/Robot-arm/install/robot_arm/share/robot_arm/hook/cmake_prefix_path.ps1'
[1.011s] INFO:colcon.colcon_core.shell:Creating environment descriptor '/home/laksri/Robot-arm/install/robot_arm/share/robot_arm/hook/cmake_prefix_path.dsv'
[1.011s] INFO:colcon.colcon_core.shell:Creating environment hook '/home/laksri/Robot-arm/install/robot_arm/share/robot_arm/hook/cmake_prefix_path.sh'
[1.012s] Level 1:colcon.colcon_core.environment:checking '/home/laksri/Robot-arm/install/robot_arm/bin'
[1.012s] Level 1:colcon.colcon_core.environment:checking '/home/laksri/Robot-arm/install/robot_arm/lib/pkgconfig/robot_arm.pc'
[1.012s] Level 1:colcon.colcon_core.environment:checking '/home/laksri/Robot-arm/install/robot_arm/lib/python3.10/site-packages'
[1.012s] Level 1:colcon.colcon_core.environment:checking '/home/laksri/Robot-arm/install/robot_arm/bin'
[1.012s] INFO:colcon.colcon_core.shell:Creating package script '/home/laksri/Robot-arm/install/robot_arm/share/robot_arm/package.ps1'
[1.012s] INFO:colcon.colcon_core.shell:Creating package descriptor '/home/laksri/Robot-arm/install/robot_arm/share/robot_arm/package.dsv'
[1.013s] INFO:colcon.colcon_core.shell:Creating package script '/home/laksri/Robot-arm/install/robot_arm/share/robot_arm/package.sh'
[1.013s] INFO:colcon.colcon_core.shell:Creating package script '/home/laksri/Robot-arm/install/robot_arm/share/robot_arm/package.bash'
[1.013s] INFO:colcon.colcon_core.shell:Creating package script '/home/laksri/Robot-arm/install/robot_arm/share/robot_arm/package.zsh'
[1.013s] Level 1:colcon.colcon_core.environment:create_file_with_runtime_dependencies(/home/laksri/Robot-arm/install/robot_arm/share/colcon-core/packages/robot_arm)
[1.013s] Level 1:colcon.colcon_core.environment:create_environment_scripts_only(gazebo_ros2_control)
[1.014s] Level 1:colcon.colcon_core.environment:checking '/home/laksri/Robot-arm/install/gazebo_ros2_control' for CMake module files
[1.014s] Level 1:colcon.colcon_core.environment:checking '/home/laksri/Robot-arm/install/gazebo_ros2_control' for CMake config files
[1.014s] Level 1:colcon.colcon_core.shell:create_environment_hook('gazebo_ros2_control', 'cmake_prefix_path')
[1.014s] INFO:colcon.colcon_core.shell:Creating environment hook '/home/laksri/Robot-arm/install/gazebo_ros2_control/share/gazebo_ros2_control/hook/cmake_prefix_path.ps1'
[1.015s] INFO:colcon.colcon_core.shell:Creating environment descriptor '/home/laksri/Robot-arm/install/gazebo_ros2_control/share/gazebo_ros2_control/hook/cmake_prefix_path.dsv'
[1.015s] INFO:colcon.colcon_core.shell:Creating environment hook '/home/laksri/Robot-arm/install/gazebo_ros2_control/share/gazebo_ros2_control/hook/cmake_prefix_path.sh'
[1.015s] Level 1:colcon.colcon_core.environment:checking '/home/laksri/Robot-arm/install/gazebo_ros2_control/bin'
[1.015s] Level 1:colcon.colcon_core.environment:checking '/home/laksri/Robot-arm/install/gazebo_ros2_control/lib/pkgconfig/gazebo_ros2_control.pc'
[1.015s] Level 1:colcon.colcon_core.environment:checking '/home/laksri/Robot-arm/install/gazebo_ros2_control/lib/python3.10/site-packages'
[1.015s] Level 1:colcon.colcon_core.environment:checking '/home/laksri/Robot-arm/install/gazebo_ros2_control/bin'
[1.016s] INFO:colcon.colcon_core.shell:Creating package script '/home/laksri/Robot-arm/install/gazebo_ros2_control/share/gazebo_ros2_control/package.ps1'
[1.016s] INFO:colcon.colcon_core.shell:Creating package descriptor '/home/laksri/Robot-arm/install/gazebo_ros2_control/share/gazebo_ros2_control/package.dsv'
[1.016s] INFO:colcon.colcon_core.shell:Creating package script '/home/laksri/Robot-arm/install/gazebo_ros2_control/share/gazebo_ros2_control/package.sh'
[1.016s] INFO:colcon.colcon_core.shell:Creating package script '/home/laksri/Robot-arm/install/gazebo_ros2_control/share/gazebo_ros2_control/package.bash'
[1.016s] INFO:colcon.colcon_core.shell:Creating package script '/home/laksri/Robot-arm/install/gazebo_ros2_control/share/gazebo_ros2_control/package.zsh'
[1.017s] Level 1:colcon.colcon_core.environment:create_file_with_runtime_dependencies(/home/laksri/Robot-arm/install/gazebo_ros2_control/share/colcon-core/packages/gazebo_ros2_control)
[1.017s] DEBUG:colcon.colcon_parallel_executor.executor.parallel:closing loop
[1.017s] DEBUG:colcon.colcon_parallel_executor.executor.parallel:loop closed
[1.017s] DEBUG:colcon.colcon_parallel_executor.executor.parallel:run_until_complete finished with '0'
[1.017s] DEBUG:colcon.colcon_core.event_reactor:joining thread
[1.024s] INFO:colcon.colcon_core.plugin_system:Skipping extension 'colcon_notification.desktop_notification.terminal_notifier': Not used on non-Darwin systems
[1.024s] INFO:colcon.colcon_core.plugin_system:Skipping extension 'colcon_notification.desktop_notification.win32': Not used on non-Windows systems
[1.024s] INFO:colcon.colcon_notification.desktop_notification:Sending desktop notification using 'notify2'
[1.035s] DEBUG:colcon.colcon_core.event_reactor:joined thread
[1.035s] INFO:colcon.colcon_core.shell:Creating prefix script '/home/laksri/Robot-arm/install/local_setup.ps1'
[1.037s] INFO:colcon.colcon_core.shell:Creating prefix util module '/home/laksri/Robot-arm/install/_local_setup_util_ps1.py'
[1.038s] INFO:colcon.colcon_core.shell:Creating prefix chain script '/home/laksri/Robot-arm/install/setup.ps1'
[1.039s] INFO:colcon.colcon_core.shell:Creating prefix script '/home/laksri/Robot-arm/install/local_setup.sh'
[1.039s] INFO:colcon.colcon_core.shell:Creating prefix util module '/home/laksri/Robot-arm/install/_local_setup_util_sh.py'
[1.040s] INFO:colcon.colcon_core.shell:Creating prefix chain script '/home/laksri/Robot-arm/install/setup.sh'
[1.040s] INFO:colcon.colcon_core.shell:Creating prefix script '/home/laksri/Robot-arm/install/local_setup.bash'
[1.041s] INFO:colcon.colcon_core.shell:Creating prefix chain script '/home/laksri/Robot-arm/install/setup.bash'
[1.041s] INFO:colcon.colcon_core.shell:Creating prefix script '/home/laksri/Robot-arm/install/local_setup.zsh'
[1.041s] INFO:colcon.colcon_core.shell:Creating prefix chain script '/home/laksri/Robot-arm/install/setup.zsh'
