[0.008s] Invoking command in '/home/laksri/Robot-arm/build/gazebo_ros2_control': CMAKE_PREFIX_PATH=${CMAKE_PREFIX_PATH}:/opt/ros/humble /usr/bin/cmake --build /home/laksri/Robot-arm/build/gazebo_ros2_control -- -j16 -l16
[0.035s] Invoked command in '/home/laksri/Robot-arm/build/gazebo_ros2_control' returned '0': CMAKE_PREFIX_PATH=${CMAKE_PREFIX_PATH}:/opt/ros/humble /usr/bin/cmake --build /home/laksri/Robot-arm/build/gazebo_ros2_control -- -j16 -l16
[0.052s] Invoking command in '/home/laksri/Robot-arm/build/gazebo_ros2_control': CMAKE_PREFIX_PATH=${CMAKE_PREFIX_PATH}:/opt/ros/humble /usr/bin/cmake --install /home/laksri/Robot-arm/build/gazebo_ros2_control
[0.057s] -- Install configuration: ""
[0.057s] -- Up-to-date: /home/laksri/Robot-arm/install/gazebo_ros2_control/share/ament_index/resource_index/package_run_dependencies/gazebo_ros2_control
[0.057s] -- Up-to-date: /home/laksri/Robot-arm/install/gazebo_ros2_control/share/ament_index/resource_index/parent_prefix_path/gazebo_ros2_control
[0.057s] -- Up-to-date: /home/laksri/Robot-arm/install/gazebo_ros2_control/share/gazebo_ros2_control/environment/ament_prefix_path.sh
[0.057s] -- Up-to-date: /home/laksri/Robot-arm/install/gazebo_ros2_control/share/gazebo_ros2_control/environment/ament_prefix_path.dsv
[0.057s] -- Up-to-date: /home/laksri/Robot-arm/install/gazebo_ros2_control/share/gazebo_ros2_control/environment/path.sh
[0.057s] -- Up-to-date: /home/laksri/Robot-arm/install/gazebo_ros2_control/share/gazebo_ros2_control/environment/path.dsv
[0.057s] -- Up-to-date: /home/laksri/Robot-arm/install/gazebo_ros2_control/share/gazebo_ros2_control/local_setup.bash
[0.058s] -- Up-to-date: /home/laksri/Robot-arm/install/gazebo_ros2_control/share/gazebo_ros2_control/local_setup.sh
[0.058s] -- Up-to-date: /home/laksri/Robot-arm/install/gazebo_ros2_control/share/gazebo_ros2_control/local_setup.zsh
[0.058s] -- Up-to-date: /home/laksri/Robot-arm/install/gazebo_ros2_control/share/gazebo_ros2_control/local_setup.dsv
[0.058s] -- Up-to-date: /home/laksri/Robot-arm/install/gazebo_ros2_control/share/gazebo_ros2_control/package.dsv
[0.058s] -- Up-to-date: /home/laksri/Robot-arm/install/gazebo_ros2_control/share/ament_index/resource_index/packages/gazebo_ros2_control
[0.058s] -- Up-to-date: /home/laksri/Robot-arm/install/gazebo_ros2_control/share/gazebo_ros2_control/cmake/gazebo_ros2_controlConfig.cmake
[0.058s] -- Up-to-date: /home/laksri/Robot-arm/install/gazebo_ros2_control/share/gazebo_ros2_control/cmake/gazebo_ros2_controlConfig-version.cmake
[0.058s] -- Up-to-date: /home/laksri/Robot-arm/install/gazebo_ros2_control/share/gazebo_ros2_control/package.xml
[0.059s] Invoked command in '/home/laksri/Robot-arm/build/gazebo_ros2_control' returned '0': CMAKE_PREFIX_PATH=${CMAKE_PREFIX_PATH}:/opt/ros/humble /usr/bin/cmake --install /home/laksri/Robot-arm/build/gazebo_ros2_control
